<?xml version="1.0" encoding="UTF-8"?>
<!-- Generated by org.testng.reporters.JUnitReportReporter -->
<testsuite hostname="Dell-PC" name="testNG.DataPvdr" tests="2" failures="0" timestamp="18 Sep 2019 08:18:17 GMT" time="0.010" errors="0">
  <testcase name="f" time="0.008" classname="testNG.DataPvdr"/>
  <testcase name="f" time="0.002" classname="testNG.DataPvdr"/>
</testsuite> <!-- testNG.DataPvdr -->
