<?xml version="1.0" encoding="UTF-8"?>
<!-- Generated by org.testng.reporters.JUnitReportReporter -->
<testsuite hostname="Dell-PC" name="practicle.P1testNg" tests="1" failures="0" timestamp="1 Oct 2019 07:34:56 GMT" time="10.901" errors="0">
  <testcase name="fillup" time="10.901" classname="practicle.P1testNg"/>
</testsuite> <!-- practicle.P1testNg -->
